-------------------------------------------------------------------------------
Test set: com.exam.exam.ExamApplicationTests
-------------------------------------------------------------------------------
Tests run: 1, Failures: 0, Errors: 1, Skipped: 0, Time elapsed: 0.585 s <<< FAILURE! - in com.exam.exam.ExamApplicationTests
initializationError(com.exam.exam.ExamApplicationTests)  Time elapsed: 0.008 s  <<< ERROR!
java.lang.IllegalStateException: Unable to find a @SpringBootConfiguration, you need to use @ContextConfiguration or @SpringBootTest(classes=...) with your test

